[0.594s] Invoking command in '/home/nhu.nguyen/turtlebot4_ws/src/lab1_pkg': PYTHONPATH=/home/nhu.nguyen/turtlebot4_ws/build/lab1_pkg/prefix_override:/usr/lib/python3/dist-packages/colcon_core/task/python/colcon_distutils_commands:/home/nhu.nguyen/turtlebot4_ws/install/lab1_pkg/lib/python3.12/site-packages: /usr/bin/python3 -W ignore:setup.py install is deprecated -W ignore:easy_install command is deprecated setup.py egg_info --egg-base ../../build/lab1_pkg build --build-base /home/nhu.nguyen/turtlebot4_ws/build/lab1_pkg/build install --record /home/nhu.nguyen/turtlebot4_ws/build/lab1_pkg/install.log --single-version-externally-managed install_data
[0.788s] running egg_info
[0.801s] writing ../../build/lab1_pkg/lab1_pkg.egg-info/PKG-INFO
[0.801s] writing dependency_links to ../../build/lab1_pkg/lab1_pkg.egg-info/dependency_links.txt
[0.801s] writing entry points to ../../build/lab1_pkg/lab1_pkg.egg-info/entry_points.txt
[0.801s] writing requirements to ../../build/lab1_pkg/lab1_pkg.egg-info/requires.txt
[0.802s] writing top-level names to ../../build/lab1_pkg/lab1_pkg.egg-info/top_level.txt
[0.828s] reading manifest file '../../build/lab1_pkg/lab1_pkg.egg-info/SOURCES.txt'
[0.829s] writing manifest file '../../build/lab1_pkg/lab1_pkg.egg-info/SOURCES.txt'
[0.829s] running build
[0.829s] running build_py
[0.830s] copying lab1_pkg/speed_behavior.py -> /home/nhu.nguyen/turtlebot4_ws/build/lab1_pkg/build/lib/lab1_pkg
[0.830s] running install
[0.835s] running install_lib
[0.848s] copying /home/nhu.nguyen/turtlebot4_ws/build/lab1_pkg/build/lib/lab1_pkg/speed_behavior.py -> /home/nhu.nguyen/turtlebot4_ws/install/lab1_pkg/lib/python3.12/site-packages/lab1_pkg
[0.849s] byte-compiling /home/nhu.nguyen/turtlebot4_ws/install/lab1_pkg/lib/python3.12/site-packages/lab1_pkg/speed_behavior.py to speed_behavior.cpython-312.pyc
[0.852s] running install_data
[0.852s] running install_egg_info
[0.866s] removing '/home/nhu.nguyen/turtlebot4_ws/install/lab1_pkg/lib/python3.12/site-packages/lab1_pkg-0.0.0-py3.12.egg-info' (and everything under it)
[0.866s] Copying ../../build/lab1_pkg/lab1_pkg.egg-info to /home/nhu.nguyen/turtlebot4_ws/install/lab1_pkg/lib/python3.12/site-packages/lab1_pkg-0.0.0-py3.12.egg-info
[0.867s] running install_scripts
[0.963s] Installing speed_behavior_node script to /home/nhu.nguyen/turtlebot4_ws/install/lab1_pkg/lib/lab1_pkg
[0.964s] writing list of installed files to '/home/nhu.nguyen/turtlebot4_ws/build/lab1_pkg/install.log'
[0.982s] Invoked command in '/home/nhu.nguyen/turtlebot4_ws/src/lab1_pkg' returned '0': PYTHONPATH=/home/nhu.nguyen/turtlebot4_ws/build/lab1_pkg/prefix_override:/usr/lib/python3/dist-packages/colcon_core/task/python/colcon_distutils_commands:/home/nhu.nguyen/turtlebot4_ws/install/lab1_pkg/lib/python3.12/site-packages: /usr/bin/python3 -W ignore:setup.py install is deprecated -W ignore:easy_install command is deprecated setup.py egg_info --egg-base ../../build/lab1_pkg build --build-base /home/nhu.nguyen/turtlebot4_ws/build/lab1_pkg/build install --record /home/nhu.nguyen/turtlebot4_ws/build/lab1_pkg/install.log --single-version-externally-managed install_data
