[0.000000] (-) TimerEvent: {}
[0.000303] (lab1_pkg) JobQueued: {'identifier': 'lab1_pkg', 'dependencies': OrderedDict()}
[0.000362] (lab1_pkg) JobStarted: {'identifier': 'lab1_pkg'}
[0.099743] (-) TimerEvent: {}
[0.199956] (-) TimerEvent: {}
[0.300157] (-) TimerEvent: {}
[0.400374] (-) TimerEvent: {}
[0.500549] (-) TimerEvent: {}
[0.600767] (-) TimerEvent: {}
[0.700968] (-) TimerEvent: {}
[0.801164] (-) TimerEvent: {}
[0.901381] (-) TimerEvent: {}
[1.001604] (-) TimerEvent: {}
[1.101804] (-) TimerEvent: {}
[1.202005] (-) TimerEvent: {}
[1.302199] (-) TimerEvent: {}
[1.402387] (-) TimerEvent: {}
[1.502587] (-) TimerEvent: {}
[1.602792] (-) TimerEvent: {}
[1.702992] (-) TimerEvent: {}
[1.803188] (-) TimerEvent: {}
[1.903401] (-) TimerEvent: {}
[2.003579] (-) TimerEvent: {}
[2.103784] (-) TimerEvent: {}
[2.203990] (-) TimerEvent: {}
[2.235081] (lab1_pkg) Command: {'cmd': ['/usr/bin/python3', '-W', 'ignore:setup.py install is deprecated', '-W', 'ignore:easy_install command is deprecated', 'setup.py', 'egg_info', '--egg-base', '../../build/lab1_pkg', 'build', '--build-base', '/home/nhu.nguyen/turtlebot4_ws/build/lab1_pkg/build', 'install', '--record', '/home/nhu.nguyen/turtlebot4_ws/build/lab1_pkg/install.log', '--single-version-externally-managed', 'install_data'], 'cwd': '/home/nhu.nguyen/turtlebot4_ws/src/lab1_pkg', 'env': {'USER': 'nhu.nguyen', 'GZ_SIM_RESOURCE_PATH': '/opt/ros/jazzy/share', 'GZ_CONFIG_PATH': '/opt/ros/jazzy/opt/gz_sim_vendor/share/gz:/opt/ros/jazzy/opt/sdformat_vendor/share/gz:/opt/ros/jazzy/opt/gz_gui_vendor/share/gz:/opt/ros/jazzy/opt/gz_transport_vendor/share/gz:/opt/ros/jazzy/opt/gz_rendering_vendor/share/gz:/opt/ros/jazzy/opt/gz_plugin_vendor/share/gz:/opt/ros/jazzy/opt/gz_fuel_tools_vendor/share/gz:/opt/ros/jazzy/opt/gz_msgs_vendor/share/gz:/opt/ros/jazzy/opt/gz_common_vendor/share/gz', 'XDG_SESSION_TYPE': 'wayland', 'CLUTTER_DISABLE_MIPMAPPED_TEXT': '1', 'SHLVL': '1', 'LD_LIBRARY_PATH': '/opt/ros/jazzy/opt/gz_sim_vendor/lib:/opt/ros/jazzy/opt/gz_sensors_vendor/lib:/opt/ros/jazzy/opt/gz_physics_vendor/lib:/opt/ros/jazzy/opt/sdformat_vendor/lib:/opt/ros/jazzy/opt/rviz_ogre_vendor/lib:/opt/ros/jazzy/lib/x86_64-linux-gnu:/opt/ros/jazzy/opt/gz_gui_vendor/lib:/opt/ros/jazzy/opt/gz_transport_vendor/lib:/opt/ros/jazzy/opt/gz_rendering_vendor/lib:/opt/ros/jazzy/opt/gz_plugin_vendor/lib:/opt/ros/jazzy/opt/gz_fuel_tools_vendor/lib:/opt/ros/jazzy/opt/gz_msgs_vendor/lib:/opt/ros/jazzy/opt/gz_common_vendor/lib:/opt/ros/jazzy/opt/gz_math_vendor/lib:/opt/ros/jazzy/opt/gz_utils_vendor/lib:/opt/ros/jazzy/opt/gz_tools_vendor/lib:/opt/ros/jazzy/opt/gz_ogre_next_vendor/lib:/opt/ros/jazzy/opt/gz_dartsim_vendor/lib:/opt/ros/jazzy/opt/gz_cmake_vendor/lib:/opt/ros/jazzy/lib', 'OLDPWD': '/home/nhu.nguyen/turtlebot4_ws/src', 'HOME': '/home/nhu.nguyen', 'DESKTOP_SESSION': 'ubuntu', 'GTK_MODULES': 'gail:atk-bridge', 'GNOME_SHELL_SESSION_MODE': 'ubuntu', 'ROS_PYTHON_VERSION': '3', 'SYSTEMD_EXEC_PID': '28409', 'DBUS_SESSION_BUS_ADDRESS': 'unix:path=/run/user/481856793/bus', 'GSM_SKIP_SSH_AGENT_WORKAROUND': 'true', 'COLORTERM': 'truecolor', 'CONDA_CHANGEPS1': 'no', 'WAYLAND_DISPLAY': 'wayland-0', 'ROS_DISTRO': 'jazzy', 'COLCON_PREFIX_PATH': '/home/nhu.nguyen/turtlebot4_ws/install', 'LOGNAME': 'nhu.nguyen', '_': '/usr/bin/colcon', 'MEMORY_PRESSURE_WATCH': '/sys/fs/cgroup/user.slice/user-481856793.slice/user@481856793.service/session.slice/org.gnome.Shell@wayland.service/memory.pressure', 'XDG_SESSION_CLASS': 'user', 'ROS_VERSION': '2', 'USERNAME': 'nhu.nguyen', 'TERM': 'xterm-256color', 'PROMPT_EOL_MARK': '', 'ROS_SUPER_CLIENT': 'True', 'GNOME_DESKTOP_SESSION_ID': 'this-is-deprecated', 'PATH': '/opt/ros/jazzy/opt/gz_msgs_vendor/bin:/opt/ros/jazzy/opt/gz_tools_vendor/bin:/opt/ros/jazzy/opt/gz_ogre_next_vendor/bin:/opt/ros/jazzy/bin:/usr/local/sbin:/usr/local/bin:/usr/sbin:/usr/bin:/sbin:/bin:/usr/games:/usr/local/games:/snap/bin:/snap/bin', 'SESSION_MANAGER': 'local/csci20141:@/tmp/.ICE-unix/28384,unix/csci20141:/tmp/.ICE-unix/28384', 'GNOME_TERMINAL_SCREEN': '/org/gnome/Terminal/screen/aca333e1_a3f9_48aa_9ffd_bd33d94d4f79', 'XDG_MENU_PREFIX': 'gnome-', 'GNOME_SETUP_DISPLAY': ':1', 'XDG_RUNTIME_DIR': '/run/user/481856793', 'DISPLAY': ':0', 'XDG_CURRENT_DESKTOP': 'ubuntu:GNOME', 'LANG': 'en_US.UTF-8', 'RMW_IMPLEMENTATION': 'rmw_fastrtps_cpp', 'XDG_SESSION_DESKTOP': 'ubuntu', 'GNOME_TERMINAL_SERVICE': ':1.125', 'XMODIFIERS': '@im=ibus', 'XAUTHORITY': '/run/user/481856793/.mutter-Xwaylandauth.Y3YOK3', 'SSH_AUTH_SOCK': '/run/user/481856793/keyring/ssh', 'AMENT_PREFIX_PATH': '/opt/ros/jazzy', 'ROS_DOMAIN_ID': '0', 'KRB5CCNAME': 'FILE:/tmp/krb5cc_481856793_afj1rs', 'SHELL': '/bin/zsh', 'ROS_DISCOVERY_SERVER': '10.5.113.101:11811', 'QT_ACCESSIBILITY': '1', 'GDMSESSION': 'ubuntu', 'QT_IM_MODULE': 'ibus', 'ROS_AUTOMATIC_DISCOVERY_RANGE': 'SUBNET', 'PWD': '/home/nhu.nguyen/turtlebot4_ws/build/lab1_pkg', 'XDG_DATA_DIRS': '/usr/local/share/:/usr/share/:/var/lib/snapd/desktop', 'VIRTUAL_ENV_DISABLE_PROMPT': '12', 'PYTHONPATH': '/home/nhu.nguyen/turtlebot4_ws/build/lab1_pkg/prefix_override:/usr/lib/python3/dist-packages/colcon_core/task/python/colcon_distutils_commands:/home/nhu.nguyen/turtlebot4_ws/install/lab1_pkg/lib/python3.12/site-packages:/opt/ros/jazzy/lib/python3.12/site-packages', 'COLCON': '1', 'VTE_VERSION': '7600', 'MEMORY_PRESSURE_WRITE': 'c29tZSAyMDAwMDAgMjAwMDAwMAA=', 'CMAKE_PREFIX_PATH': '/opt/ros/jazzy/opt/gz_sim_vendor:/opt/ros/jazzy/opt/gz_sensors_vendor:/opt/ros/jazzy/opt/gz_physics_vendor:/opt/ros/jazzy/opt/sdformat_vendor:/opt/ros/jazzy/opt/gz_gui_vendor:/opt/ros/jazzy/opt/gz_transport_vendor:/opt/ros/jazzy/opt/gz_rendering_vendor:/opt/ros/jazzy/opt/gz_plugin_vendor:/opt/ros/jazzy/opt/gz_fuel_tools_vendor:/opt/ros/jazzy/opt/gz_msgs_vendor:/opt/ros/jazzy/opt/gz_common_vendor:/opt/ros/jazzy/opt/gz_math_vendor:/opt/ros/jazzy/opt/gz_utils_vendor:/opt/ros/jazzy/opt/gz_tools_vendor:/opt/ros/jazzy/opt/gz_ogre_next_vendor:/opt/ros/jazzy/opt/gz_dartsim_vendor:/opt/ros/jazzy/opt/gz_cmake_vendor'}, 'shell': False}
[2.304102] (-) TimerEvent: {}
[2.404328] (-) TimerEvent: {}
[2.504584] (-) TimerEvent: {}
[2.512038] (lab1_pkg) StdoutLine: {'line': b'running egg_info\n'}
[2.512431] (lab1_pkg) StdoutLine: {'line': b'creating ../../build/lab1_pkg/lab1_pkg.egg-info\n'}
[2.535951] (lab1_pkg) StdoutLine: {'line': b'writing ../../build/lab1_pkg/lab1_pkg.egg-info/PKG-INFO\n'}
[2.536268] (lab1_pkg) StdoutLine: {'line': b'writing dependency_links to ../../build/lab1_pkg/lab1_pkg.egg-info/dependency_links.txt\n'}
[2.536603] (lab1_pkg) StdoutLine: {'line': b'writing requirements to ../../build/lab1_pkg/lab1_pkg.egg-info/requires.txt\n'}
[2.536748] (lab1_pkg) StdoutLine: {'line': b'writing top-level names to ../../build/lab1_pkg/lab1_pkg.egg-info/top_level.txt\n'}
[2.536866] (lab1_pkg) StdoutLine: {'line': b"writing manifest file '../../build/lab1_pkg/lab1_pkg.egg-info/SOURCES.txt'\n"}
[2.584543] (lab1_pkg) StdoutLine: {'line': b"reading manifest file '../../build/lab1_pkg/lab1_pkg.egg-info/SOURCES.txt'\n"}
[2.585180] (lab1_pkg) StdoutLine: {'line': b"writing manifest file '../../build/lab1_pkg/lab1_pkg.egg-info/SOURCES.txt'\n"}
[2.585325] (lab1_pkg) StdoutLine: {'line': b'running build\n'}
[2.585486] (lab1_pkg) StdoutLine: {'line': b'running build_py\n'}
[2.585644] (lab1_pkg) StdoutLine: {'line': b'creating /home/nhu.nguyen/turtlebot4_ws/build/lab1_pkg/build\n'}
[2.585821] (lab1_pkg) StdoutLine: {'line': b'creating /home/nhu.nguyen/turtlebot4_ws/build/lab1_pkg/build/lib\n'}
[2.585915] (lab1_pkg) StdoutLine: {'line': b'creating /home/nhu.nguyen/turtlebot4_ws/build/lab1_pkg/build/lib/lab1_pkg\n'}
[2.585991] (lab1_pkg) StdoutLine: {'line': b'copying lab1_pkg/__init__.py -> /home/nhu.nguyen/turtlebot4_ws/build/lab1_pkg/build/lib/lab1_pkg\n'}
[2.586056] (lab1_pkg) StdoutLine: {'line': b'running install\n'}
[2.590957] (lab1_pkg) StdoutLine: {'line': b'running install_lib\n'}
[2.604683] (-) TimerEvent: {}
[2.614656] (lab1_pkg) StdoutLine: {'line': b'creating /home/nhu.nguyen/turtlebot4_ws/install/lab1_pkg/lib/python3.12/site-packages/lab1_pkg\n'}
[2.615005] (lab1_pkg) StdoutLine: {'line': b'copying /home/nhu.nguyen/turtlebot4_ws/build/lab1_pkg/build/lib/lab1_pkg/__init__.py -> /home/nhu.nguyen/turtlebot4_ws/install/lab1_pkg/lib/python3.12/site-packages/lab1_pkg\n'}
[2.615543] (lab1_pkg) StdoutLine: {'line': b'byte-compiling /home/nhu.nguyen/turtlebot4_ws/install/lab1_pkg/lib/python3.12/site-packages/lab1_pkg/__init__.py to __init__.cpython-312.pyc\n'}
[2.615958] (lab1_pkg) StdoutLine: {'line': b'running install_data\n'}
[2.616087] (lab1_pkg) StdoutLine: {'line': b'creating /home/nhu.nguyen/turtlebot4_ws/install/lab1_pkg/share/ament_index\n'}
[2.616188] (lab1_pkg) StdoutLine: {'line': b'creating /home/nhu.nguyen/turtlebot4_ws/install/lab1_pkg/share/ament_index/resource_index\n'}
[2.616286] (lab1_pkg) StdoutLine: {'line': b'creating /home/nhu.nguyen/turtlebot4_ws/install/lab1_pkg/share/ament_index/resource_index/packages\n'}
[2.616358] (lab1_pkg) StdoutLine: {'line': b'copying resource/lab1_pkg -> /home/nhu.nguyen/turtlebot4_ws/install/lab1_pkg/share/ament_index/resource_index/packages\n'}
[2.616439] (lab1_pkg) StdoutLine: {'line': b'copying package.xml -> /home/nhu.nguyen/turtlebot4_ws/install/lab1_pkg/share/lab1_pkg\n'}
[2.616575] (lab1_pkg) StdoutLine: {'line': b'running install_egg_info\n'}
[2.641437] (lab1_pkg) StdoutLine: {'line': b'Copying ../../build/lab1_pkg/lab1_pkg.egg-info to /home/nhu.nguyen/turtlebot4_ws/install/lab1_pkg/lib/python3.12/site-packages/lab1_pkg-0.0.0-py3.12.egg-info\n'}
[2.642805] (lab1_pkg) StdoutLine: {'line': b'running install_scripts\n'}
[2.704796] (-) TimerEvent: {}
[2.792575] (lab1_pkg) StdoutLine: {'line': b"writing list of installed files to '/home/nhu.nguyen/turtlebot4_ws/build/lab1_pkg/install.log'\n"}
[2.804912] (-) TimerEvent: {}
[2.811609] (lab1_pkg) CommandEnded: {'returncode': 0}
[2.846297] (lab1_pkg) JobEnded: {'identifier': 'lab1_pkg', 'rc': 0}
[2.847034] (-) EventReactorShutdown: {}
