[0.834s] Invoking command in '/home/nhu.nguyen/turtlebot4_ws/src/lab1_pkg': PYTHONPATH=/home/nhu.nguyen/turtlebot4_ws/build/lab1_pkg/prefix_override:/usr/lib/python3/dist-packages/colcon_core/task/python/colcon_distutils_commands:/home/nhu.nguyen/turtlebot4_ws/install/lab1_pkg/lib/python3.12/site-packages:${PYTHONPATH} /usr/bin/python3 -W ignore:setup.py install is deprecated -W ignore:easy_install command is deprecated setup.py egg_info --egg-base ../../build/lab1_pkg build --build-base /home/nhu.nguyen/turtlebot4_ws/build/lab1_pkg/build install --record /home/nhu.nguyen/turtlebot4_ws/build/lab1_pkg/install.log --single-version-externally-managed install_data
[1.119s] running egg_info
[1.142s] writing ../../build/lab1_pkg/lab1_pkg.egg-info/PKG-INFO
[1.142s] writing dependency_links to ../../build/lab1_pkg/lab1_pkg.egg-info/dependency_links.txt
[1.142s] writing entry points to ../../build/lab1_pkg/lab1_pkg.egg-info/entry_points.txt
[1.142s] writing requirements to ../../build/lab1_pkg/lab1_pkg.egg-info/requires.txt
[1.143s] writing top-level names to ../../build/lab1_pkg/lab1_pkg.egg-info/top_level.txt
[1.191s] reading manifest file '../../build/lab1_pkg/lab1_pkg.egg-info/SOURCES.txt'
[1.192s] writing manifest file '../../build/lab1_pkg/lab1_pkg.egg-info/SOURCES.txt'
[1.192s] running build
[1.192s] running build_py
[1.192s] copying lab1_pkg/speed_behavior.py -> /home/nhu.nguyen/turtlebot4_ws/build/lab1_pkg/build/lib/lab1_pkg
[1.193s] running install
[1.197s] running install_lib
[1.222s] copying /home/nhu.nguyen/turtlebot4_ws/build/lab1_pkg/build/lib/lab1_pkg/speed_behavior.py -> /home/nhu.nguyen/turtlebot4_ws/install/lab1_pkg/lib/python3.12/site-packages/lab1_pkg
[1.225s] byte-compiling /home/nhu.nguyen/turtlebot4_ws/install/lab1_pkg/lib/python3.12/site-packages/lab1_pkg/speed_behavior.py to speed_behavior.cpython-312.pyc
[1.228s] running install_data
[1.228s] running install_egg_info
[1.252s] removing '/home/nhu.nguyen/turtlebot4_ws/install/lab1_pkg/lib/python3.12/site-packages/lab1_pkg-0.0.0-py3.12.egg-info' (and everything under it)
[1.253s] Copying ../../build/lab1_pkg/lab1_pkg.egg-info to /home/nhu.nguyen/turtlebot4_ws/install/lab1_pkg/lib/python3.12/site-packages/lab1_pkg-0.0.0-py3.12.egg-info
[1.254s] running install_scripts
[1.406s] Installing speed_behavior_node script to /home/nhu.nguyen/turtlebot4_ws/install/lab1_pkg/lib/lab1_pkg
[1.406s] writing list of installed files to '/home/nhu.nguyen/turtlebot4_ws/build/lab1_pkg/install.log'
[1.424s] Invoked command in '/home/nhu.nguyen/turtlebot4_ws/src/lab1_pkg' returned '0': PYTHONPATH=/home/nhu.nguyen/turtlebot4_ws/build/lab1_pkg/prefix_override:/usr/lib/python3/dist-packages/colcon_core/task/python/colcon_distutils_commands:/home/nhu.nguyen/turtlebot4_ws/install/lab1_pkg/lib/python3.12/site-packages:${PYTHONPATH} /usr/bin/python3 -W ignore:setup.py install is deprecated -W ignore:easy_install command is deprecated setup.py egg_info --egg-base ../../build/lab1_pkg build --build-base /home/nhu.nguyen/turtlebot4_ws/build/lab1_pkg/build install --record /home/nhu.nguyen/turtlebot4_ws/build/lab1_pkg/install.log --single-version-externally-managed install_data
