[2.235s] Invoking command in '/home/nhu.nguyen/turtlebot4_ws/src/lab1_pkg': PYTHONPATH=/home/nhu.nguyen/turtlebot4_ws/build/lab1_pkg/prefix_override:/usr/lib/python3/dist-packages/colcon_core/task/python/colcon_distutils_commands:/home/nhu.nguyen/turtlebot4_ws/install/lab1_pkg/lib/python3.12/site-packages:${PYTHONPATH} /usr/bin/python3 -W ignore:setup.py install is deprecated -W ignore:easy_install command is deprecated setup.py egg_info --egg-base ../../build/lab1_pkg build --build-base /home/nhu.nguyen/turtlebot4_ws/build/lab1_pkg/build install --record /home/nhu.nguyen/turtlebot4_ws/build/lab1_pkg/install.log --single-version-externally-managed install_data
[2.512s] running egg_info
[2.512s] creating ../../build/lab1_pkg/lab1_pkg.egg-info
[2.536s] writing ../../build/lab1_pkg/lab1_pkg.egg-info/PKG-INFO
[2.536s] writing dependency_links to ../../build/lab1_pkg/lab1_pkg.egg-info/dependency_links.txt
[2.536s] writing requirements to ../../build/lab1_pkg/lab1_pkg.egg-info/requires.txt
[2.536s] writing top-level names to ../../build/lab1_pkg/lab1_pkg.egg-info/top_level.txt
[2.537s] writing manifest file '../../build/lab1_pkg/lab1_pkg.egg-info/SOURCES.txt'
[2.584s] reading manifest file '../../build/lab1_pkg/lab1_pkg.egg-info/SOURCES.txt'
[2.585s] writing manifest file '../../build/lab1_pkg/lab1_pkg.egg-info/SOURCES.txt'
[2.585s] running build
[2.585s] running build_py
[2.585s] creating /home/nhu.nguyen/turtlebot4_ws/build/lab1_pkg/build
[2.585s] creating /home/nhu.nguyen/turtlebot4_ws/build/lab1_pkg/build/lib
[2.586s] creating /home/nhu.nguyen/turtlebot4_ws/build/lab1_pkg/build/lib/lab1_pkg
[2.586s] copying lab1_pkg/__init__.py -> /home/nhu.nguyen/turtlebot4_ws/build/lab1_pkg/build/lib/lab1_pkg
[2.586s] running install
[2.591s] running install_lib
[2.615s] creating /home/nhu.nguyen/turtlebot4_ws/install/lab1_pkg/lib/python3.12/site-packages/lab1_pkg
[2.615s] copying /home/nhu.nguyen/turtlebot4_ws/build/lab1_pkg/build/lib/lab1_pkg/__init__.py -> /home/nhu.nguyen/turtlebot4_ws/install/lab1_pkg/lib/python3.12/site-packages/lab1_pkg
[2.615s] byte-compiling /home/nhu.nguyen/turtlebot4_ws/install/lab1_pkg/lib/python3.12/site-packages/lab1_pkg/__init__.py to __init__.cpython-312.pyc
[2.616s] running install_data
[2.616s] creating /home/nhu.nguyen/turtlebot4_ws/install/lab1_pkg/share/ament_index
[2.616s] creating /home/nhu.nguyen/turtlebot4_ws/install/lab1_pkg/share/ament_index/resource_index
[2.616s] creating /home/nhu.nguyen/turtlebot4_ws/install/lab1_pkg/share/ament_index/resource_index/packages
[2.616s] copying resource/lab1_pkg -> /home/nhu.nguyen/turtlebot4_ws/install/lab1_pkg/share/ament_index/resource_index/packages
[2.616s] copying package.xml -> /home/nhu.nguyen/turtlebot4_ws/install/lab1_pkg/share/lab1_pkg
[2.616s] running install_egg_info
[2.641s] Copying ../../build/lab1_pkg/lab1_pkg.egg-info to /home/nhu.nguyen/turtlebot4_ws/install/lab1_pkg/lib/python3.12/site-packages/lab1_pkg-0.0.0-py3.12.egg-info
[2.642s] running install_scripts
[2.792s] writing list of installed files to '/home/nhu.nguyen/turtlebot4_ws/build/lab1_pkg/install.log'
[2.811s] Invoked command in '/home/nhu.nguyen/turtlebot4_ws/src/lab1_pkg' returned '0': PYTHONPATH=/home/nhu.nguyen/turtlebot4_ws/build/lab1_pkg/prefix_override:/usr/lib/python3/dist-packages/colcon_core/task/python/colcon_distutils_commands:/home/nhu.nguyen/turtlebot4_ws/install/lab1_pkg/lib/python3.12/site-packages:${PYTHONPATH} /usr/bin/python3 -W ignore:setup.py install is deprecated -W ignore:easy_install command is deprecated setup.py egg_info --egg-base ../../build/lab1_pkg build --build-base /home/nhu.nguyen/turtlebot4_ws/build/lab1_pkg/build install --record /home/nhu.nguyen/turtlebot4_ws/build/lab1_pkg/install.log --single-version-externally-managed install_data
